I1017 11:52:29.621929 12323 caffe.cpp:186] Using GPUs 0
I1017 11:52:29.682822 12323 caffe.cpp:191] GPU 0: GeForce GTX 1080
I1017 11:52:29.923986 12323 solver.cpp:48] Initializing solver from parameters: 
test_iter: 500
test_interval: 30000
base_lr: 0.1
display: 20
max_iter: 30000
lr_policy: "poly"
gamma: 0.9
power: 0.5
momentum: 0.9
weight_decay: 0.0005
snapshot: 5000
snapshot_prefix: "external/exp/snapshots/attribute/DUCK"
solver_mode: GPU
device_id: 0
net: "models/attribute/DUCK_trainval.prototxt"
test_initialization: true
average_loss: 20
iter_size: 2
F1017 11:52:29.924084 12323 solver.cpp:438] Cannot write to snapshot prefix 'external/exp/snapshots/attribute/DUCK'.  Make sure that the directory exists and is writeable.
*** Check failure stack trace: ***
    @     0x7f8305b5aea4  (unknown)
    @     0x7f8305b5adeb  (unknown)
    @     0x7f8305b5a7bf  (unknown)
    @     0x7f8305b5da35  (unknown)
    @     0x7f830632b1c3  caffe::Solver<>::CheckSnapshotWritePermissions()
    @     0x7f830632dfe8  caffe::Solver<>::Init()
    @     0x7f830632e35a  caffe::Solver<>::Solver()
    @     0x7f8306325043  caffe::Creator_SGDSolver<>()
    @           0x40c607  caffe::SolverRegistry<>::CreateSolver()
    @           0x407b42  train()
    @           0x4059ac  main
    @     0x7f8304de2a40  (unknown)
    @           0x4060d9  _start
    @              (nil)  (unknown)
